# JRE version: Java(TM) SE Runtime Environment (8.0_121-b13) (build 1.8.0_121-b13)
# Java VM: Java HotSpot(TM) 64-Bit Server VM (25.121-b13 mixed mode bsd-amd64 compressed oops)
Heap:
 PSYoungGen      total 564736K, used 206356K [0x0000000795580000, 0x00000007c0000000, 0x00000007c0000000)
  eden space 542208K, 34% used [0x0000000795580000,0x00000007a0e10da8,0x00000007b6700000)
  from space 22528K, 77% used [0x00000007b6700000,0x00000007b77f45e8,0x00000007b7d00000)
  to   space 23552K, 0% used [0x00000007be900000,0x00000007be900000,0x00000007c0000000)
 ParOldGen       total 91136K, used 21168K [0x0000000740000000, 0x0000000745900000, 0x0000000795580000)
  object space 91136K, 23% used [0x0000000740000000,0x00000007414ac210,0x0000000745900000)
 Metaspace       used 47331K, capacity 47986K, committed 48384K, reserved 1091584K
  class space    used 5696K, capacity 5861K, committed 5888K, reserved 1048576K
GC Heap History (10 events):
Event: 5.610 GC heap before
{Heap before GC invocations=11 (full 1):
 PSYoungGen      total 286720K, used 264192K [0x0000000795580000, 0x00000007b2080000, 0x00000007c0000000)
  eden space 264192K, 100% used [0x0000000795580000,0x00000007a5780000,0x00000007a5780000)
  from space 22528K, 0% used [0x00000007a5780000,0x00000007a5780000,0x00000007a6d80000)
  to   space 23552K, 0% used [0x00000007b0980000,0x00000007b0980000,0x00000007b2080000)
 ParOldGen       total 67584K, used 14156K [0x0000000740000000, 0x0000000744200000, 0x0000000795580000)
  object space 67584K, 20% used [0x0000000740000000,0x0000000740dd3348,0x0000000744200000)
 Metaspace       used 29172K, capacity 29696K, committed 29824K, reserved 1075200K
  class space    used 3489K, capacity 3648K, committed 3712K, reserved 1048576K
Event: 5.623 GC heap after
Heap after GC invocations=11 (full 1):
 PSYoungGen      total 394752K, used 12128K [0x0000000795580000, 0x00000007b1580000, 0x00000007c0000000)
  eden space 382464K, 0% used [0x0000000795580000,0x0000000795580000,0x00000007acb00000)
  from space 12288K, 98% used [0x00000007b0980000,0x00000007b15580f8,0x00000007b1580000)
  to   space 22528K, 0% used [0x00000007ae980000,0x00000007ae980000,0x00000007aff80000)
 ParOldGen       total 67584K, used 14156K [0x0000000740000000, 0x0000000744200000, 0x0000000795580000)
  object space 67584K, 20% used [0x0000000740000000,0x0000000740dd3348,0x0000000744200000)
 Metaspace       used 29172K, capacity 29696K, committed 29824K, reserved 1075200K
  class space    used 3489K, capacity 3648K, committed 3712K, reserved 1048576K
}
Event: 7.892 GC heap before
{Heap before GC invocations=12 (full 1):
 PSYoungGen      total 394752K, used 394592K [0x0000000795580000, 0x00000007b1580000, 0x00000007c0000000)
  eden space 382464K, 100% used [0x0000000795580000,0x00000007acb00000,0x00000007acb00000)
  from space 12288K, 98% used [0x00000007b0980000,0x00000007b15580f8,0x00000007b1580000)
  to   space 22528K, 0% used [0x00000007ae980000,0x00000007ae980000,0x00000007aff80000)
 ParOldGen       total 67584K, used 14156K [0x0000000740000000, 0x0000000744200000, 0x0000000795580000)
  object space 67584K, 20% used [0x0000000740000000,0x0000000740dd3348,0x0000000744200000)
 Metaspace       used 34446K, capacity 34970K, committed 35200K, reserved 1079296K
  class space    used 4204K, capacity 4367K, committed 4480K, reserved 1048576K
Event: 7.905 GC heap after
Heap after GC invocations=12 (full 1):
 PSYoungGen      total 436224K, used 9957K [0x0000000795580000, 0x00000007b9200000, 0x00000007c0000000)
  eden space 413696K, 0% used [0x0000000795580000,0x0000000795580000,0x00000007ae980000)
  from space 22528K, 44% used [0x00000007ae980000,0x00000007af3397c0,0x00000007aff80000)
  to   space 21504K, 0% used [0x00000007b7d00000,0x00000007b7d00000,0x00000007b9200000)
 ParOldGen       total 67584K, used 17206K [0x0000000740000000, 0x0000000744200000, 0x0000000795580000)
  object space 67584K, 25% used [0x0000000740000000,0x00000007410cd820,0x0000000744200000)
 Metaspace       used 34446K, capacity 34970K, committed 35200K, reserved 1079296K
  class space    used 4204K, capacity 4367K, committed 4480K, reserved 1048576K
}
Event: 8.097 GC heap before
{Heap before GC invocations=13 (full 1):
 PSYoungGen      total 436224K, used 57245K [0x0000000795580000, 0x00000007b9200000, 0x00000007c0000000)
  eden space 413696K, 11% used [0x0000000795580000,0x00000007983add28,0x00000007ae980000)
  from space 22528K, 44% used [0x00000007ae980000,0x00000007af3397c0,0x00000007aff80000)
  to   space 21504K, 0% used [0x00000007b7d00000,0x00000007b7d00000,0x00000007b9200000)
 ParOldGen       total 67584K, used 17206K [0x0000000740000000, 0x0000000744200000, 0x0000000795580000)
  object space 67584K, 25% used [0x0000000740000000,0x00000007410cd820,0x0000000744200000)
 Metaspace       used 34670K, capacity 35206K, committed 35456K, reserved 1081344K
  class space    used 4225K, capacity 4401K, committed 4480K, reserved 1048576K
Event: 8.104 GC heap after
Heap after GC invocations=13 (full 1):
 PSYoungGen      total 563712K, used 1312K [0x0000000795580000, 0x00000007bc480000, 0x00000007c0000000)
  eden space 542208K, 0% used [0x0000000795580000,0x0000000795580000,0x00000007b6700000)
  from space 21504K, 6% used [0x00000007b7d00000,0x00000007b7e482f0,0x00000007b9200000)
  to   space 22528K, 0% used [0x00000007b6700000,0x00000007b6700000,0x00000007b7d00000)
 ParOldGen       total 67584K, used 23080K [0x0000000740000000, 0x0000000744200000, 0x0000000795580000)
  object space 67584K, 34% used [0x0000000740000000,0x000000074168a038,0x0000000744200000)
 Metaspace       used 34670K, capacity 35206K, committed 35456K, reserved 1081344K
  class space    used 4225K, capacity 4401K, committed 4480K, reserved 1048576K
}
Event: 8.104 GC heap before
{Heap before GC invocations=14 (full 2):
 PSYoungGen      total 563712K, used 1312K [0x0000000795580000, 0x00000007bc480000, 0x00000007c0000000)
  eden space 542208K, 0% used [0x0000000795580000,0x0000000795580000,0x00000007b6700000)
  from space 21504K, 6% used [0x00000007b7d00000,0x00000007b7e482f0,0x00000007b9200000)
  to   space 22528K, 0% used [0x00000007b6700000,0x00000007b6700000,0x00000007b7d00000)
 ParOldGen       total 67584K, used 23080K [0x0000000740000000, 0x0000000744200000, 0x0000000795580000)
  object space 67584K, 34% used [0x0000000740000000,0x000000074168a038,0x0000000744200000)
 Metaspace       used 34670K, capacity 35206K, committed 35456K, reserved 1081344K
  class space    used 4225K, capacity 4401K, committed 4480K, reserved 1048576K
Event: 8.205 GC heap after
Heap after GC invocations=14 (full 2):
 PSYoungGen      total 563712K, used 0K [0x0000000795580000, 0x00000007bc480000, 0x00000007c0000000)
  eden space 542208K, 0% used [0x0000000795580000,0x0000000795580000,0x00000007b6700000)
  from space 21504K, 0% used [0x00000007b7d00000,0x00000007b7d00000,0x00000007b9200000)
  to   space 22528K, 0% used [0x00000007b6700000,0x00000007b6700000,0x00000007b7d00000)
 ParOldGen       total 91136K, used 21160K [0x0000000740000000, 0x0000000745900000, 0x0000000795580000)
  object space 91136K, 23% used [0x0000000740000000,0x00000007414aa210,0x0000000745900000)
 Metaspace       used 34670K, capacity 35206K, committed 35456K, reserved 1081344K
  class space    used 4225K, capacity 4401K, committed 4480K, reserved 1048576K
}
Event: 36.238 GC heap before
{Heap before GC invocations=15 (full 2):
 PSYoungGen      total 563712K, used 542208K [0x0000000795580000, 0x00000007bc480000, 0x00000007c0000000)
  eden space 542208K, 100% used [0x0000000795580000,0x00000007b6700000,0x00000007b6700000)
  from space 21504K, 0% used [0x00000007b7d00000,0x00000007b7d00000,0x00000007b9200000)
  to   space 22528K, 0% used [0x00000007b6700000,0x00000007b6700000,0x00000007b7d00000)
 ParOldGen       total 91136K, used 21160K [0x0000000740000000, 0x0000000745900000, 0x0000000795580000)
  object space 91136K, 23% used [0x0000000740000000,0x00000007414aa210,0x0000000745900000)
 Metaspace       used 46236K, capacity 46830K, committed 47360K, reserved 1091584K
  class space    used 5604K, capacity 5775K, committed 5888K, reserved 1048576K
Event: 36.444 GC heap after
Heap after GC invocations=15 (full 2):
 PSYoungGen      total 564736K, used 17361K [0x0000000795580000, 0x00000007c0000000, 0x00000007c0000000)
  eden space 542208K, 0% used [0x0000000795580000,0x0000000795580000,0x00000007b6700000)
  from space 22528K, 77% used [0x00000007b6700000,0x00000007b77f45e8,0x00000007b7d00000)
  to   space 23552K, 0% used [0x00000007be900000,0x00000007be900000,0x00000007c0000000)
 ParOldGen       total 91136K, used 21168K [0x0000000740000000, 0x0000000745900000, 0x0000000795580000)
  object space 91136K, 23% used [0x0000000740000000,0x00000007414ac210,0x0000000745900000)
 Metaspace       used 46236K, capacity 46830K, committed 47360K, reserved 1091584K
  class space    used 5604K, capacity 5775K, committed 5888K, reserved 1048576K
}

